{
  level: 'error',
  message: 'HTTP GET /api/products/getOne/undefined',
  metadata: {
    meta: {
      req: {
        url: '/api/products/getOne/undefined',
        headers: {
          host: 'localhost:3000',
          connection: 'keep-alive',
          accept: 'application/json, text/plain, */*',
          'user-agent': 'Mozilla/5.0 (iPhone; CPU iPhone OS 13_2_3 like Mac OS X) AppleWebKit/605.1.15 (KHTML, like Gecko) Version/13.0.3 Mobile/15E148 Safari/604.1',
          origin: 'http://localhost:3001',
          'sec-fetch-site': 'same-site',
          'sec-fetch-mode': 'cors',
          'sec-fetch-dest': 'empty',
          referer: 'http://localhost:3001/',
          'accept-encoding': 'gzip, deflate, br',
          'accept-language': 'en-GB,en-US;q=0.9,en;q=0.8'
        },
        method: 'GET',
        httpVersion: '1.1',
        originalUrl: '/api/products/getOne/undefined',
        query: {}
      },
      res: { statusCode: 500 },
      responseTime: 1
    },
    timestamp: '2023-07-21T14:19:50.582Z'
  }
}
{
  level: 'error',
  message: 'HTTP GET /api/products/getOne/undefined',
  metadata: {
    meta: {
      req: {
        url: '/api/products/getOne/undefined',
        headers: {
          host: 'localhost:3000',
          connection: 'keep-alive',
          accept: 'application/json, text/plain, */*',
          'user-agent': 'Mozilla/5.0 (iPhone; CPU iPhone OS 13_2_3 like Mac OS X) AppleWebKit/605.1.15 (KHTML, like Gecko) Version/13.0.3 Mobile/15E148 Safari/604.1',
          origin: 'http://localhost:3001',
          'sec-fetch-site': 'same-site',
          'sec-fetch-mode': 'cors',
          'sec-fetch-dest': 'empty',
          referer: 'http://localhost:3001/',
          'accept-encoding': 'gzip, deflate, br',
          'accept-language': 'en-GB,en-US;q=0.9,en;q=0.8'
        },
        method: 'GET',
        httpVersion: '1.1',
        originalUrl: '/api/products/getOne/undefined',
        query: {}
      },
      res: { statusCode: 500 },
      responseTime: 3
    },
    timestamp: '2023-07-21T14:20:29.776Z'
  }
}
{
  level: 'error',
  message: 'HTTP GET /api/products/getOne/undefined',
  metadata: {
    meta: {
      req: {
        url: '/api/products/getOne/undefined',
        headers: {
          host: 'localhost:3000',
          connection: 'keep-alive',
          accept: 'application/json, text/plain, */*',
          'user-agent': 'Mozilla/5.0 (iPhone; CPU iPhone OS 13_2_3 like Mac OS X) AppleWebKit/605.1.15 (KHTML, like Gecko) Version/13.0.3 Mobile/15E148 Safari/604.1',
          origin: 'http://localhost:3001',
          'sec-fetch-site': 'same-site',
          'sec-fetch-mode': 'cors',
          'sec-fetch-dest': 'empty',
          referer: 'http://localhost:3001/',
          'accept-encoding': 'gzip, deflate, br',
          'accept-language': 'en-GB,en-US;q=0.9,en;q=0.8'
        },
        method: 'GET',
        httpVersion: '1.1',
        originalUrl: '/api/products/getOne/undefined',
        query: {}
      },
      res: { statusCode: 500 },
      responseTime: 1
    },
    timestamp: '2023-07-21T14:27:43.445Z'
  }
}
{
  level: 'error',
  message: 'HTTP GET /api/products/getOne/undefined',
  metadata: {
    meta: {
      req: {
        url: '/api/products/getOne/undefined',
        headers: {
          host: 'localhost:3000',
          connection: 'keep-alive',
          'sec-ch-ua': '"Not.A/Brand";v="8", "Chromium";v="114", "Google Chrome";v="114"',
          accept: 'application/json, text/plain, */*',
          'sec-ch-ua-mobile': '?1',
          'user-agent': 'Mozilla/5.0 (Linux; Android 6.0; Nexus 5 Build/MRA58N) AppleWebKit/537.36 (KHTML, like Gecko) Chrome/114.0.0.0 Mobile Safari/537.36',
          'sec-ch-ua-platform': '"Android"',
          origin: 'http://localhost:3001',
          'sec-fetch-site': 'same-site',
          'sec-fetch-mode': 'cors',
          'sec-fetch-dest': 'empty',
          referer: 'http://localhost:3001/',
          'accept-encoding': 'gzip, deflate, br',
          'accept-language': 'en-GB,en-US;q=0.9,en;q=0.8'
        },
        method: 'GET',
        httpVersion: '1.1',
        originalUrl: '/api/products/getOne/undefined',
        query: {}
      },
      res: { statusCode: 500 },
      responseTime: 1
    },
    timestamp: '2023-07-21T14:37:41.198Z'
  }
}
{
  level: 'error',
  message: 'HTTP GET /api/products/getOne/undefined',
  metadata: {
    meta: {
      req: {
        url: '/api/products/getOne/undefined',
        headers: {
          host: 'localhost:3000',
          connection: 'keep-alive',
          'sec-ch-ua': '"Not.A/Brand";v="8", "Chromium";v="114", "Google Chrome";v="114"',
          accept: 'application/json, text/plain, */*',
          'sec-ch-ua-mobile': '?1',
          'user-agent': 'Mozilla/5.0 (Linux; Android 6.0; Nexus 5 Build/MRA58N) AppleWebKit/537.36 (KHTML, like Gecko) Chrome/114.0.0.0 Mobile Safari/537.36',
          'sec-ch-ua-platform': '"Android"',
          origin: 'http://localhost:3001',
          'sec-fetch-site': 'same-site',
          'sec-fetch-mode': 'cors',
          'sec-fetch-dest': 'empty',
          referer: 'http://localhost:3001/',
          'accept-encoding': 'gzip, deflate, br',
          'accept-language': 'en-GB,en-US;q=0.9,en;q=0.8'
        },
        method: 'GET',
        httpVersion: '1.1',
        originalUrl: '/api/products/getOne/undefined',
        query: {}
      },
      res: { statusCode: 500 },
      responseTime: 1
    },
    timestamp: '2023-07-21T14:38:53.944Z'
  }
}
{
  level: 'error',
  message: 'HTTP GET /api/categories/get/[object%20Object]',
  metadata: {
    meta: {
      req: {
        url: '/api/categories/get/[object%20Object]',
        headers: {
          host: 'localhost:3000',
          connection: 'keep-alive',
          'sec-ch-ua': '"Not.A/Brand";v="8", "Chromium";v="114", "Google Chrome";v="114"',
          accept: 'application/json, text/plain, */*',
          'sec-ch-ua-mobile': '?0',
          'user-agent': 'Mozilla/5.0 (Windows NT 10.0; Win64; x64) AppleWebKit/537.36 (KHTML, like Gecko) Chrome/114.0.0.0 Safari/537.36',
          'sec-ch-ua-platform': '"Windows"',
          origin: 'http://localhost:3001',
          'sec-fetch-site': 'same-site',
          'sec-fetch-mode': 'cors',
          'sec-fetch-dest': 'empty',
          referer: 'http://localhost:3001/',
          'accept-encoding': 'gzip, deflate, br',
          'accept-language': 'en-GB,en-US;q=0.9,en;q=0.8'
        },
        method: 'GET',
        httpVersion: '1.1',
        originalUrl: '/api/categories/get/[object%20Object]',
        query: {}
      },
      res: { statusCode: 500 },
      responseTime: 15
    },
    timestamp: '2023-07-21T14:46:14.528Z'
  }
}
{
  level: 'error',
  message: 'HTTP GET /api/categories/get/[object%20Object]',
  metadata: {
    meta: {
      req: {
        url: '/api/categories/get/[object%20Object]',
        headers: {
          host: 'localhost:3000',
          connection: 'keep-alive',
          'sec-ch-ua': '"Not.A/Brand";v="8", "Chromium";v="114", "Google Chrome";v="114"',
          accept: 'application/json, text/plain, */*',
          'sec-ch-ua-mobile': '?0',
          'user-agent': 'Mozilla/5.0 (Windows NT 10.0; Win64; x64) AppleWebKit/537.36 (KHTML, like Gecko) Chrome/114.0.0.0 Safari/537.36',
          'sec-ch-ua-platform': '"Windows"',
          origin: 'http://localhost:3001',
          'sec-fetch-site': 'same-site',
          'sec-fetch-mode': 'cors',
          'sec-fetch-dest': 'empty',
          referer: 'http://localhost:3001/',
          'accept-encoding': 'gzip, deflate, br',
          'accept-language': 'en-GB,en-US;q=0.9,en;q=0.8'
        },
        method: 'GET',
        httpVersion: '1.1',
        originalUrl: '/api/categories/get/[object%20Object]',
        query: {}
      },
      res: { statusCode: 500 },
      responseTime: 9
    },
    timestamp: '2023-07-21T14:48:42.738Z'
  }
}
{
  level: 'error',
  message: 'HTTP GET /api/categories/get/[object%20Object]',
  metadata: {
    meta: {
      req: {
        url: '/api/categories/get/[object%20Object]',
        headers: {
          host: 'localhost:3000',
          connection: 'keep-alive',
          'sec-ch-ua': '"Not.A/Brand";v="8", "Chromium";v="114", "Google Chrome";v="114"',
          accept: 'application/json, text/plain, */*',
          'sec-ch-ua-mobile': '?0',
          'user-agent': 'Mozilla/5.0 (Windows NT 10.0; Win64; x64) AppleWebKit/537.36 (KHTML, like Gecko) Chrome/114.0.0.0 Safari/537.36',
          'sec-ch-ua-platform': '"Windows"',
          origin: 'http://localhost:3001',
          'sec-fetch-site': 'same-site',
          'sec-fetch-mode': 'cors',
          'sec-fetch-dest': 'empty',
          referer: 'http://localhost:3001/',
          'accept-encoding': 'gzip, deflate, br',
          'accept-language': 'en-GB,en-US;q=0.9,en;q=0.8'
        },
        method: 'GET',
        httpVersion: '1.1',
        originalUrl: '/api/categories/get/[object%20Object]',
        query: {}
      },
      res: { statusCode: 500 },
      responseTime: 10
    },
    timestamp: '2023-07-21T14:48:47.138Z'
  }
}
{
  level: 'error',
  message: 'HTTP GET /api/products/getOne/undefined',
  metadata: {
    meta: {
      req: {
        url: '/api/products/getOne/undefined',
        headers: {
          host: 'localhost:3000',
          connection: 'keep-alive',
          accept: 'application/json, text/plain, */*',
          'user-agent': 'Mozilla/5.0 (iPhone; CPU iPhone OS 13_2_3 like Mac OS X) AppleWebKit/605.1.15 (KHTML, like Gecko) Version/13.0.3 Mobile/15E148 Safari/604.1',
          origin: 'http://localhost:3001',
          'sec-fetch-site': 'same-site',
          'sec-fetch-mode': 'cors',
          'sec-fetch-dest': 'empty',
          referer: 'http://localhost:3001/',
          'accept-encoding': 'gzip, deflate, br',
          'accept-language': 'en-GB,en-US;q=0.9,en;q=0.8'
        },
        method: 'GET',
        httpVersion: '1.1',
        originalUrl: '/api/products/getOne/undefined',
        query: {}
      },
      res: { statusCode: 500 },
      responseTime: 1
    },
    timestamp: '2023-07-21T14:48:56.625Z'
  }
}
{
  level: 'warn',
  message: 'HTTP POST /api/users/login',
  metadata: {
    meta: {
      req: {
        url: '/api/users/login',
        headers: {
          host: 'localhost:3000',
          connection: 'keep-alive',
          'content-length': '52',
          'sec-ch-ua': '"Not.A/Brand";v="8", "Chromium";v="114", "Google Chrome";v="114"',
          accept: 'application/json, text/plain, */*',
          'content-type': 'application/json',
          'sec-ch-ua-mobile': '?0',
          'user-agent': 'Mozilla/5.0 (Windows NT 10.0; Win64; x64) AppleWebKit/537.36 (KHTML, like Gecko) Chrome/114.0.0.0 Safari/537.36',
          'sec-ch-ua-platform': '"Windows"',
          origin: 'http://localhost:3001',
          'sec-fetch-site': 'same-site',
          'sec-fetch-mode': 'cors',
          'sec-fetch-dest': 'empty',
          referer: 'http://localhost:3001/',
          'accept-encoding': 'gzip, deflate, br',
          'accept-language': 'en-GB,en-US;q=0.9,en;q=0.8'
        },
        method: 'POST',
        httpVersion: '1.1',
        originalUrl: '/api/users/login',
        query: {}
      },
      res: { statusCode: 403 },
      responseTime: 254
    },
    timestamp: '2023-07-21T14:53:51.034Z'
  }
}
