{"level":"error","message":"An error occurred: Failed to send email","stack":"Error: Failed to send email\n    at sendEmailVerification (D:\\Bacola\\bacola-backend-nodejs-v2\\controllers\\user.js:175:11)\n    at processTicksAndRejections (node:internal/process/task_queues:96:5)\n    at async register (D:\\Bacola\\bacola-backend-nodejs-v2\\controllers\\user.js:122:9)"}
{"level":"error","message":"An error occurred: Failed to send email","stack":"Error: Failed to send email\n    at sendEmailVerification (D:\\Donext\\Bacola\\New\\bacola-backend-nodejs-v2\\controllers\\user.js:176:11)\n    at process.processTicksAndRejections (node:internal/process/task_queues:95:5)\n    at async register (D:\\Donext\\Bacola\\New\\bacola-backend-nodejs-v2\\controllers\\user.js:121:9)"}
{"level":"error","message":"An error occurred: Failed to send email","stack":"Error: Failed to send email\n    at sendEmailVerification (D:\\Donext\\Bacola\\New\\bacola-backend-nodejs-v2\\controllers\\user.js:176:11)\n    at process.processTicksAndRejections (node:internal/process/task_queues:95:5)\n    at async register (D:\\Donext\\Bacola\\New\\bacola-backend-nodejs-v2\\controllers\\user.js:121:9)"}
{"level":"error","message":"An error occurred: Failed to send email","stack":"Error: Failed to send email\n    at sendEmailVerification (D:\\Donext\\Bacola\\New\\bacola-backend-nodejs-v2\\controllers\\user.js:176:11)\n    at process.processTicksAndRejections (node:internal/process/task_queues:95:5)\n    at async register (D:\\Donext\\Bacola\\New\\bacola-backend-nodejs-v2\\controllers\\user.js:121:9)"}
<<<<<<< HEAD
{"level":"error","message":"An error occurred: Failed to send email","stack":"Error: Failed to send email\n    at sendEmailVerification (D:\\Bacola\\bacola-backend-nodejs-v2\\controllers\\user.js:108:11)\n    at processTicksAndRejections (node:internal/process/task_queues:96:5)\n    at async register (D:\\Bacola\\bacola-backend-nodejs-v2\\controllers\\user.js:56:9)"}
=======
{"level":"error","message":"An error occurred: Failed to send email","stack":"Error: Failed to send email\n    at sendEmailVerification (D:\\Donext\\Bacola\\New\\bacola-backend-nodejs-v2\\controllers\\user.js:108:11)\n    at async register (D:\\Donext\\Bacola\\New\\bacola-backend-nodejs-v2\\controllers\\user.js:56:9)"}
{"level":"warn","message":"User already exists"}
{"level":"error","message":"An error occurred: Failed to send email","stack":"Error: Failed to send email\n    at sendEmailVerification (D:\\Donext\\Bacola\\New\\bacola-backend-nodejs-v2\\controllers\\user.js:112:11)\n    at async register (D:\\Donext\\Bacola\\New\\bacola-backend-nodejs-v2\\controllers\\user.js:57:9)"}
<<<<<<< HEAD
>>>>>>> ebbf4d9a3404db75c0a9e94f5efb2ad63795f28f
=======
{"level":"warn","message":"User already exists"}
{"level":"info","message":"\"Sign-up successful. Please check your email for verification.\""}
{"level":"info","message":"\"Sign-up successful. Please check your email for verification.\""}
{"level":"info","message":"\"Sign-up successful. Please check your email for verification.\""}
{"level":"info","message":"\"Sign-up successful. Please check your email for verification.\""}
{"level":"info","message":"\"Sign-up successful. Please check your email for verification.\""}
{"level":"info","message":"\"Sign-up successful. Please check your email for verification.\""}
{"level":"info","message":"\"Sign-up successful. Please check your email for verification.\""}
>>>>>>> 23e90dd81fc8fc8b6fffdf38f35c8d5b154431fe
